0it [00:00, ?it/s]
557it [00:00, 5548.71it/s]
1097it [00:00, 5500.89it/s]
1725it [00:00, 5709.63it/s]
2323it [00:00, 5785.33it/s]
2771it [00:00, 4750.65it/s]
3376it [00:00, 5077.23it/s]
3994it [00:00, 5362.96it/s]
4609it [00:00, 5575.93it/s]
5247it [00:00, 5793.99it/s]
5820it [00:01, 4819.22it/s]
6441it [00:01, 5166.11it/s]
7071it [00:01, 5459.06it/s]
7699it [00:01, 5680.15it/s]
8498it [00:01, 6218.97it/s]
8544it [00:01, 5681.36it/s]

0it [00:00, ?it/s]
612it [00:00, 6114.64it/s]
796it [00:00, 3143.57it/s]
1101it [00:00, 4028.64it/s]

0it [00:00, ?it/s]
9645it [00:00, 214502.30it/s]

Traceback (most recent call last):
  File "/home/kadir/anaconda3/envs/py37/bin/allennlp", line 10, in <module>
    sys.exit(run())
  File "/home/kadir/anaconda3/envs/py37/lib/python3.7/site-packages/allennlp/run.py", line 18, in run
    main(prog="allennlp")
  File "/home/kadir/anaconda3/envs/py37/lib/python3.7/site-packages/allennlp/commands/__init__.py", line 101, in main
    args.func(args)
  File "/home/kadir/anaconda3/envs/py37/lib/python3.7/site-packages/allennlp/commands/train.py", line 103, in train_model_from_args
    args.force)
  File "/home/kadir/anaconda3/envs/py37/lib/python3.7/site-packages/allennlp/commands/train.py", line 136, in train_model_from_file
    return train_model(params, serialization_dir, file_friendly_logging, recover, force)
  File "/home/kadir/anaconda3/envs/py37/lib/python3.7/site-packages/allennlp/commands/train.py", line 184, in train_model
    pieces = TrainerPieces.from_params(params, serialization_dir, recover)  # pylint: disable=no-member
  File "/home/kadir/anaconda3/envs/py37/lib/python3.7/site-packages/allennlp/training/trainer.py", line 789, in from_params
    model = Model.from_params(vocab=vocab, params=params.pop('model'))
  File "/home/kadir/anaconda3/envs/py37/lib/python3.7/site-packages/allennlp/common/from_params.py", line 275, in from_params
    default_to_first_choice=default_to_first_choice)
  File "/home/kadir/anaconda3/envs/py37/lib/python3.7/site-packages/allennlp/common/params.py", line 334, in pop_choice
    raise ConfigurationError(message)
allennlp.common.checks.ConfigurationError: "stacked_self_attention not in acceptable choices for model.type: ['bcn', 'constituency_parser', 'biaffine_parser', 'coref', 'crf_tagger', 'decomposable_attention', 'event2mind', 'simple_seq2seq', 'copynet_seq2seq', 'bidaf', 'bidaf-ensemble', 'dialog_qa', 'naqanet', 'qanet', 'nlvr_coverage_parser', 'nlvr_direct_parser', 'quarel_parser', 'wikitables_mml_parser', 'wikitables_erm_parser', 'atis_parser', 'text2sql_parser', 'srl', 'simple_tagger', 'esim', 'bimpm', 'graph_parser', 'language_model', 'bidirectional_language_model', 'bidirectional-language-model', 'basic_classifier']"
