2019-04-28 16:38:13,906 - INFO - allennlp.common.params - evaluate_on_test = False
2019-04-28 16:38:13,907 - INFO - allennlp.common.from_params - instantiating class <class 'allennlp.data.dataset_readers.dataset_reader.DatasetReader'> from params {'token_indexers': {'tokens': {'type': 'elmo_characters'}}, 'type': 'sst_tokens'} and extras set()
2019-04-28 16:38:13,907 - INFO - allennlp.common.params - dataset_reader.type = sst_tokens
2019-04-28 16:38:13,907 - INFO - allennlp.common.from_params - instantiating class <class 'allennlp.data.dataset_readers.stanford_sentiment_tree_bank.StanfordSentimentTreeBankDatasetReader'> from params {'token_indexers': {'tokens': {'type': 'elmo_characters'}}} and extras set()
2019-04-28 16:38:13,907 - INFO - allennlp.common.from_params - instantiating class <class 'allennlp.data.token_indexers.token_indexer.TokenIndexer'> from params {'type': 'elmo_characters'} and extras set()
2019-04-28 16:38:13,907 - INFO - allennlp.common.params - dataset_reader.token_indexers.tokens.type = elmo_characters
2019-04-28 16:38:13,907 - INFO - allennlp.common.from_params - instantiating class <class 'allennlp.data.token_indexers.elmo_indexer.ELMoTokenCharactersIndexer'> from params {} and extras set()
2019-04-28 16:38:13,908 - INFO - allennlp.common.params - dataset_reader.token_indexers.tokens.namespace = elmo_characters
2019-04-28 16:38:13,908 - INFO - allennlp.common.params - dataset_reader.token_indexers.tokens.tokens_to_add = None
2019-04-28 16:38:13,908 - INFO - allennlp.common.params - dataset_reader.use_subtrees = False
2019-04-28 16:38:13,908 - INFO - allennlp.common.params - dataset_reader.granularity = 5-class
2019-04-28 16:38:13,908 - INFO - allennlp.common.params - dataset_reader.lazy = False
2019-04-28 16:38:13,908 - INFO - allennlp.common.params - validation_dataset_reader = None
2019-04-28 16:38:13,908 - INFO - allennlp.common.params - train_data_path = data/stanfordSentimentTreebank/trees/train.txt
2019-04-28 16:38:13,908 - INFO - allennlp.training.util - Reading training data from data/stanfordSentimentTreebank/trees/train.txt
2019-04-28 16:38:13,909 - INFO - allennlp.data.dataset_readers.stanford_sentiment_tree_bank - Reading instances from lines in file at: data/stanfordSentimentTreebank/trees/train.txt
2019-04-28 16:38:15,413 - INFO - allennlp.common.params - validation_data_path = data/stanfordSentimentTreebank/trees/dev.txt
2019-04-28 16:38:15,413 - INFO - allennlp.training.util - Reading validation data from data/stanfordSentimentTreebank/trees/dev.txt
2019-04-28 16:38:15,413 - INFO - allennlp.data.dataset_readers.stanford_sentiment_tree_bank - Reading instances from lines in file at: data/stanfordSentimentTreebank/trees/dev.txt
2019-04-28 16:38:15,686 - INFO - allennlp.common.params - test_data_path = None
2019-04-28 16:38:15,687 - INFO - allennlp.training.trainer - From dataset instances, validation, train will be considered for vocabulary creation.
2019-04-28 16:38:15,687 - INFO - allennlp.common.params - vocabulary.type = None
2019-04-28 16:38:15,687 - INFO - allennlp.common.params - vocabulary.extend = False
2019-04-28 16:38:15,687 - INFO - allennlp.common.params - vocabulary.directory_path = None
2019-04-28 16:38:15,687 - INFO - allennlp.common.params - vocabulary.min_count = None
2019-04-28 16:38:15,687 - INFO - allennlp.common.params - vocabulary.max_vocab_size = None
2019-04-28 16:38:15,687 - INFO - allennlp.common.params - vocabulary.non_padded_namespaces = ('*tags', '*labels')
2019-04-28 16:38:15,687 - INFO - allennlp.common.params - vocabulary.min_pretrained_embeddings = None
2019-04-28 16:38:15,687 - INFO - allennlp.common.params - vocabulary.only_include_pretrained_words = False
2019-04-28 16:38:15,687 - INFO - allennlp.common.params - vocabulary.tokens_to_add = None
2019-04-28 16:38:15,687 - INFO - allennlp.data.vocabulary - Fitting token dictionary from dataset.
2019-04-28 16:38:15,733 - INFO - allennlp.common.from_params - instantiating class <class 'allennlp.models.model.Model'> from params {'encoder': {'hidden_size': 128, 'input_size': 64, 'type': 'lstm'}, 'type': 'stacked_self_attention', 'word_embeddings': {'tokens': {'do_layer_norm': False, 'dropout': 0.5, 'options_file': 'https://s3-us-west-2.amazonaws.com/allennlp/models/elmo/2x1024_128_2048cnn_1xhighway/elmo_2x1024_128_2048cnn_1xhighway_options.json', 'type': 'elmo_token_embedder', 'weight_file': 'https://s3-us-west-2.amazonaws.com/allennlp/models/elmo/2x1024_128_2048cnn_1xhighway/elmo_2x1024_128_2048cnn_1xhighway_weights.hdf5'}}} and extras {'vocab'}
2019-04-28 16:38:15,733 - INFO - allennlp.common.params - model.type = stacked_self_attention
