0it [00:00, ?it/s]
546it [00:00, 5447.58it/s]
1096it [00:00, 5462.63it/s]
1719it [00:00, 5669.76it/s]
2312it [00:00, 5743.96it/s]
2758it [00:00, 4679.95it/s]
3342it [00:00, 4976.10it/s]
3951it [00:00, 5261.99it/s]
4550it [00:00, 5460.98it/s]
5174it [00:00, 5671.89it/s]
5803it [00:01, 4810.80it/s]
6411it [00:01, 5131.18it/s]
7037it [00:01, 5421.68it/s]
7597it [00:01, 5136.49it/s]
8226it [00:01, 5433.95it/s]
8544it [00:01, 5478.93it/s]

0it [00:00, ?it/s]
614it [00:00, 6136.33it/s]
799it [00:00, 2717.07it/s]
1101it [00:00, 3592.28it/s]

0it [00:00, ?it/s]
9645it [00:00, 224235.28it/s]

  0%|          | 0/67 [00:00<?, ?it/s]
accuracy: 0.1406, precision: 1.0000, recall: 0.0588, f1_measure: 0.1111, loss: 1.6208 ||:   1%|1         | 1/67 [00:04<04:40,  4.25s/it]
accuracy: 0.1953, precision: 1.0000, recall: 0.0323, f1_measure: 0.0625, loss: 1.6114 ||:   3%|2         | 2/67 [00:06<03:48,  3.52s/it]
accuracy: 0.2344, precision: 1.0000, recall: 0.0204, f1_measure: 0.0400, loss: 1.5974 ||:   4%|4         | 3/67 [00:10<03:56,  3.69s/it]
accuracy: 0.2383, precision: 1.0000, recall: 0.0149, f1_measure: 0.0294, loss: 1.5946 ||:   6%|5         | 4/67 [00:12<03:22,  3.21s/it]
accuracy: 0.2344, precision: 1.0000, recall: 0.0119, f1_measure: 0.0235, loss: 1.5896 ||:   7%|7         | 5/67 [00:16<03:39,  3.54s/it]
accuracy: 0.2461, precision: 1.0000, recall: 0.0106, f1_measure: 0.0211, loss: 1.5798 ||:   9%|8         | 6/67 [00:19<03:24,  3.35s/it]
accuracy: 0.2478, precision: 1.0000, recall: 0.0091, f1_measure: 0.0180, loss: 1.5762 ||:  10%|#         | 7/67 [00:22<03:13,  3.22s/it]
accuracy: 0.2500, precision: 1.0000, recall: 0.0079, f1_measure: 0.0156, loss: 1.5790 ||:  12%|#1        | 8/67 [00:25<03:02,  3.10s/it]
accuracy: 0.2517, precision: 1.0000, recall: 0.0069, f1_measure: 0.0137, loss: 1.5782 ||:  13%|#3        | 9/67 [00:30<03:35,  3.72s/it]
accuracy: 0.2461, precision: 1.0000, recall: 0.0061, f1_measure: 0.0121, loss: 1.5853 ||:  15%|#4        | 10/67 [00:34<03:30,  3.70s/it]
accuracy: 0.2507, precision: 1.0000, recall: 0.0054, f1_measure: 0.0107, loss: 1.5927 ||:  16%|#6        | 11/67 [00:38<03:42,  3.98s/it]
accuracy: 0.2546, precision: 1.0000, recall: 0.0049, f1_measure: 0.0098, loss: 1.5942 ||:  18%|#7        | 12/67 [00:41<03:13,  3.53s/it]
accuracy: 0.2578, precision: 1.0000, recall: 0.0046, f1_measure: 0.0092, loss: 1.5876 ||:  19%|#9        | 13/67 [00:47<03:48,  4.24s/it]
accuracy: 0.2589, precision: 1.0000, recall: 0.0042, f1_measure: 0.0084, loss: 1.5883 ||:  21%|##        | 14/67 [00:49<03:14,  3.67s/it]
accuracy: 0.2594, precision: 1.0000, recall: 0.0039, f1_measure: 0.0078, loss: 1.5864 ||:  22%|##2       | 15/67 [00:51<02:41,  3.10s/it]
accuracy: 0.2578, precision: 1.0000, recall: 0.0037, f1_measure: 0.0073, loss: 1.5848 ||:  24%|##3       | 16/67 [00:55<03:00,  3.53s/it]
accuracy: 0.2638, precision: 1.0000, recall: 0.0035, f1_measure: 0.0070, loss: 1.5824 ||:  25%|##5       | 17/67 [00:57<02:34,  3.10s/it]
accuracy: 0.2674, precision: 1.0000, recall: 0.0033, f1_measure: 0.0066, loss: 1.5810 ||:  27%|##6       | 18/67 [01:00<02:31,  3.09s/it]
accuracy: 0.2689, precision: 1.0000, recall: 0.0031, f1_measure: 0.0062, loss: 1.5822 ||:  28%|##8       | 19/67 [01:01<01:59,  2.48s/it]
accuracy: 0.2699, precision: 1.0000, recall: 0.0030, f1_measure: 0.0059, loss: 1.5819 ||:  30%|##9       | 20/67 [01:02<01:33,  1.99s/it]
accuracy: 0.2708, precision: 1.0000, recall: 0.0028, f1_measure: 0.0055, loss: 1.5820 ||:  31%|###1      | 21/67 [01:03<01:20,  1.75s/it]
accuracy: 0.2727, precision: 1.0000, recall: 0.0027, f1_measure: 0.0053, loss: 1.5797 ||:  33%|###2      | 22/67 [01:06<01:24,  1.89s/it]
accuracy: 0.2758, precision: 1.0000, recall: 0.0026, f1_measure: 0.0052, loss: 1.5776 ||:  34%|###4      | 23/67 [01:09<01:40,  2.28s/it]
accuracy: 0.2757, precision: 1.0000, recall: 0.0026, f1_measure: 0.0051, loss: 1.5767 ||:  36%|###5      | 24/67 [01:11<01:33,  2.18s/it]
accuracy: 0.2756, precision: 1.0000, recall: 0.0024, f1_measure: 0.0048, loss: 1.5775 ||:  37%|###7      | 25/67 [01:16<02:04,  2.96s/it]
accuracy: 0.2758, precision: 1.0000, recall: 0.0023, f1_measure: 0.0045, loss: 1.5781 ||:  39%|###8      | 26/67 [01:19<02:07,  3.12s/it]
accuracy: 0.2786, precision: 1.0000, recall: 0.0022, f1_measure: 0.0045, loss: 1.5759 ||:  40%|####      | 27/67 [01:23<02:09,  3.23s/it]
accuracy: 0.2793, precision: 1.0000, recall: 0.0021, f1_measure: 0.0043, loss: 1.5754 ||:  42%|####1     | 28/67 [01:24<01:45,  2.70s/it]
accuracy: 0.2831, precision: 1.0000, recall: 0.0021, f1_measure: 0.0042, loss: 1.5734 ||:  43%|####3     | 29/67 [01:25<01:24,  2.21s/it]
accuracy: 0.2831, precision: 1.0000, recall: 0.0020, f1_measure: 0.0041, loss: 1.5725 ||:  45%|####4     | 30/67 [01:27<01:14,  2.03s/it]
accuracy: 0.2850, precision: 1.0000, recall: 0.0020, f1_measure: 0.0040, loss: 1.5713 ||:  46%|####6     | 31/67 [01:29<01:17,  2.15s/it]
accuracy: 0.2834, precision: 1.0000, recall: 0.0019, f1_measure: 0.0038, loss: 1.5717 ||:  48%|####7     | 32/67 [01:33<01:37,  2.77s/it]
accuracy: 0.2846, precision: 1.0000, recall: 0.0019, f1_measure: 0.0037, loss: 1.5715 ||:  49%|####9     | 33/67 [01:36<01:28,  2.61s/it]
accuracy: 0.2875, precision: 1.0000, recall: 0.0018, f1_measure: 0.0036, loss: 1.5698 ||:  51%|#####     | 34/67 [01:41<01:54,  3.47s/it]
accuracy: 0.2886, precision: 1.0000, recall: 0.0018, f1_measure: 0.0035, loss: 1.5680 ||:  52%|#####2    | 35/67 [01:44<01:44,  3.25s/it]
accuracy: 0.2886, precision: 1.0000, recall: 0.0017, f1_measure: 0.0034, loss: 1.5682 ||:  54%|#####3    | 36/67 [01:47<01:41,  3.28s/it]
accuracy: 0.2880, precision: 1.0000, recall: 0.0017, f1_measure: 0.0033, loss: 1.5676 ||:  55%|#####5    | 37/67 [01:50<01:34,  3.14s/it]
accuracy: 0.2899, precision: 1.0000, recall: 0.0016, f1_measure: 0.0032, loss: 1.5661 ||:  57%|#####6    | 38/67 [01:52<01:19,  2.74s/it]
accuracy: 0.2911, precision: 1.0000, recall: 0.0016, f1_measure: 0.0031, loss: 1.5649 ||:  58%|#####8    | 39/67 [01:54<01:15,  2.69s/it]
accuracy: 0.2914, precision: 1.0000, recall: 0.0015, f1_measure: 0.0030, loss: 1.5644 ||:  60%|#####9    | 40/67 [01:58<01:17,  2.88s/it]
accuracy: 0.2915, precision: 1.0000, recall: 0.0015, f1_measure: 0.0029, loss: 1.5644 ||:  61%|######1   | 41/67 [01:59<00:59,  2.30s/it]
accuracy: 0.2935, precision: 1.0000, recall: 0.0014, f1_measure: 0.0028, loss: 1.5626 ||:  63%|######2   | 42/67 [02:01<00:58,  2.34s/it]
accuracy: 0.2941, precision: 1.0000, recall: 0.0014, f1_measure: 0.0028, loss: 1.5618 ||:  64%|######4   | 43/67 [02:02<00:48,  2.04s/it]
accuracy: 0.2949, precision: 1.0000, recall: 0.0014, f1_measure: 0.0027, loss: 1.5611 ||:  66%|######5   | 44/67 [02:04<00:41,  1.79s/it]
accuracy: 0.2977, precision: 1.0000, recall: 0.0013, f1_measure: 0.0027, loss: 1.5583 ||:  67%|######7   | 45/67 [02:08<00:59,  2.72s/it]
accuracy: 0.2988, precision: 1.0000, recall: 0.0013, f1_measure: 0.0026, loss: 1.5570 ||:  69%|######8   | 46/67 [02:13<01:10,  3.36s/it]
accuracy: 0.2996, precision: 1.0000, recall: 0.0013, f1_measure: 0.0026, loss: 1.5550 ||:  70%|#######   | 47/67 [02:16<01:04,  3.21s/it]
accuracy: 0.2988, precision: 1.0000, recall: 0.0013, f1_measure: 0.0025, loss: 1.5549 ||:  72%|#######1  | 48/67 [02:17<00:45,  2.42s/it]
accuracy: 0.2992, precision: 1.0000, recall: 0.0012, f1_measure: 0.0025, loss: 1.5537 ||:  73%|#######3  | 49/67 [02:18<00:39,  2.21s/it]
accuracy: 0.2995, precision: 1.0000, recall: 0.0012, f1_measure: 0.0024, loss: 1.5551 ||:  75%|#######4  | 50/67 [02:22<00:46,  2.76s/it]
accuracy: 0.2996, precision: 1.0000, recall: 0.0012, f1_measure: 0.0024, loss: 1.5544 ||:  76%|#######6  | 51/67 [02:26<00:47,  2.94s/it]
accuracy: 0.3009, precision: 1.0000, recall: 0.0012, f1_measure: 0.0023, loss: 1.5522 ||:  78%|#######7  | 52/67 [02:29<00:45,  3.01s/it]
accuracy: 0.3030, precision: 1.0000, recall: 0.0011, f1_measure: 0.0023, loss: 1.5503 ||:  79%|#######9  | 53/67 [02:31<00:35,  2.55s/it]
accuracy: 0.3031, precision: 1.0000, recall: 0.0011, f1_measure: 0.0022, loss: 1.5496 ||:  81%|########  | 54/67 [02:31<00:25,  2.00s/it]
accuracy: 0.3039, precision: 1.0000, recall: 0.0011, f1_measure: 0.0022, loss: 1.5475 ||:  82%|########2 | 55/67 [02:33<00:23,  1.99s/it]
accuracy: 0.3040, precision: 1.0000, recall: 0.0011, f1_measure: 0.0022, loss: 1.5475 ||:  84%|########3 | 56/67 [02:37<00:27,  2.47s/it]
accuracy: 0.3041, precision: 1.0000, recall: 0.0011, f1_measure: 0.0021, loss: 1.5464 ||:  85%|########5 | 57/67 [02:38<00:22,  2.21s/it]
accuracy: 0.3045, precision: 1.0000, recall: 0.0011, f1_measure: 0.0021, loss: 1.5438 ||:  87%|########6 | 58/67 [02:40<00:18,  2.05s/it]
accuracy: 0.3047, precision: 1.0000, recall: 0.0010, f1_measure: 0.0021, loss: 1.5422 ||:  88%|########8 | 59/67 [02:43<00:18,  2.36s/it]
accuracy: 0.3052, precision: 1.0000, recall: 0.0010, f1_measure: 0.0020, loss: 1.5404 ||:  90%|########9 | 60/67 [02:47<00:19,  2.76s/it]
accuracy: 0.3062, precision: 1.0000, recall: 0.0010, f1_measure: 0.0020, loss: 1.5390 ||:  91%|#########1| 61/67 [02:49<00:15,  2.62s/it]
accuracy: 0.3074, precision: 1.0000, recall: 0.0010, f1_measure: 0.0020, loss: 1.5384 ||:  93%|#########2| 62/67 [02:52<00:13,  2.61s/it]
accuracy: 0.3089, precision: 1.0000, recall: 0.0010, f1_measure: 0.0019, loss: 1.5367 ||:  94%|#########4| 63/67 [02:56<00:11,  2.98s/it]
accuracy: 0.3096, precision: 1.0000, recall: 0.0010, f1_measure: 0.0019, loss: 1.5352 ||:  96%|#########5| 64/67 [03:00<00:10,  3.41s/it]
accuracy: 0.3107, precision: 1.0000, recall: 0.0009, f1_measure: 0.0019, loss: 1.5340 ||:  97%|#########7| 65/67 [03:04<00:07,  3.58s/it]
accuracy: 0.3110, precision: 1.0000, recall: 0.0009, f1_measure: 0.0018, loss: 1.5336 ||:  99%|#########8| 66/67 [03:08<00:03,  3.65s/it]
accuracy: 0.3129, precision: 1.0000, recall: 0.0009, f1_measure: 0.0018, loss: 1.5307 ||: 100%|##########| 67/67 [03:10<00:00,  3.18s/it]

  0%|          | 0/9 [00:00<?, ?it/s]
accuracy: 0.3906, precision: 0.0000, recall: 0.0000, f1_measure: 0.0000, loss: 1.3611 ||:  11%|#1        | 1/9 [00:01<00:11,  1.47s/it]
accuracy: 0.3945, precision: 0.0000, recall: 0.0000, f1_measure: 0.0000, loss: 1.3518 ||:  22%|##2       | 2/9 [00:02<00:10,  1.48s/it]
accuracy: 0.3568, precision: 0.0000, recall: 0.0000, f1_measure: 0.0000, loss: 1.4035 ||:  33%|###3      | 3/9 [00:04<00:09,  1.58s/it]
accuracy: 0.3594, precision: 0.0000, recall: 0.0000, f1_measure: 0.0000, loss: 1.4136 ||:  44%|####4     | 4/9 [00:06<00:08,  1.74s/it]
accuracy: 0.3547, precision: 0.0000, recall: 0.0000, f1_measure: 0.0000, loss: 1.4162 ||:  56%|#####5    | 5/9 [00:09<00:07,  1.94s/it]
accuracy: 0.3477, precision: 0.0000, recall: 0.0000, f1_measure: 0.0000, loss: 1.4235 ||:  67%|######6   | 6/9 [00:12<00:06,  2.21s/it]
accuracy: 0.3650, precision: 0.0000, recall: 0.0000, f1_measure: 0.0000, loss: 1.4179 ||:  78%|#######7  | 7/9 [00:15<00:05,  2.50s/it]
accuracy: 0.3584, precision: 0.0000, recall: 0.0000, f1_measure: 0.0000, loss: 1.4420 ||:  89%|########8 | 8/9 [00:19<00:02,  2.89s/it]
accuracy: 0.3569, precision: 0.0000, recall: 0.0000, f1_measure: 0.0000, loss: 1.4534 ||: 100%|##########| 9/9 [00:22<00:00,  2.94s/it]

  0%|          | 0/67 [00:00<?, ?it/s]
accuracy: 0.3906, precision: 0.0000, recall: 0.0000, f1_measure: 0.0000, loss: 1.4524 ||:   1%|1         | 1/67 [00:02<03:15,  2.97s/it]
accuracy: 0.3555, precision: 0.0000, recall: 0.0000, f1_measure: 0.0000, loss: 1.4613 ||:   3%|2         | 2/67 [00:04<02:41,  2.48s/it]
accuracy: 0.3409, precision: 0.0000, recall: 0.0000, f1_measure: 0.0000, loss: 1.4821 ||:   4%|4         | 3/67 [00:09<03:24,  3.20s/it]
accuracy: 0.3458, precision: 0.0000, recall: 0.0000, f1_measure: 0.0000, loss: 1.4745 ||:   6%|5         | 4/67 [00:11<03:07,  2.98s/it]
accuracy: 0.3388, precision: 0.0000, recall: 0.0000, f1_measure: 0.0000, loss: 1.4767 ||:   7%|7         | 5/67 [00:15<03:20,  3.23s/it]
accuracy: 0.3465, precision: 0.0000, recall: 0.0000, f1_measure: 0.0000, loss: 1.4670 ||:   9%|8         | 6/67 [00:16<02:35,  2.55s/it]
accuracy: 0.3600, precision: 0.0000, recall: 0.0000, f1_measure: 0.0000, loss: 1.4612 ||:  10%|#         | 7/67 [00:17<02:13,  2.22s/it]
accuracy: 0.3508, precision: 0.0000, recall: 0.0000, f1_measure: 0.0000, loss: 1.4561 ||:  12%|#1        | 8/67 [00:23<03:08,  3.20s/it]
accuracy: 0.3438, precision: 0.0000, recall: 0.0000, f1_measure: 0.0000, loss: 1.4619 ||:  13%|#3        | 9/67 [00:28<03:35,  3.72s/it]
accuracy: 0.3470, precision: 0.0000, recall: 0.0000, f1_measure: 0.0000, loss: 1.4589 ||:  15%|#4        | 10/67 [00:31<03:27,  3.63s/it]
accuracy: 0.3525, precision: 0.0000, recall: 0.0000, f1_measure: 0.0000, loss: 1.4533 ||:  16%|#6        | 11/67 [00:32<02:40,  2.87s/it]
accuracy: 0.3564, precision: 0.0000, recall: 0.0000, f1_measure: 0.0000, loss: 1.4449 ||:  18%|#7        | 12/67 [00:34<02:22,  2.59s/it]
accuracy: 0.3603, precision: 0.0000, recall: 0.0000, f1_measure: 0.0000, loss: 1.4393 ||:  19%|#9        | 13/67 [00:37<02:25,  2.70s/it]
accuracy: 0.3653, precision: 0.0000, recall: 0.0000, f1_measure: 0.0000, loss: 1.4344 ||:  21%|##        | 14/67 [00:38<01:59,  2.25s/it]
accuracy: 0.3665, precision: 0.0000, recall: 0.0000, f1_measure: 0.0000, loss: 1.4348 ||:  22%|##2       | 15/67 [00:42<02:17,  2.64s/it]
accuracy: 0.3700, precision: 0.0000, recall: 0.0000, f1_measure: 0.0000, loss: 1.4295 ||:  24%|##3       | 16/67 [00:44<02:07,  2.50s/it]
accuracy: 0.3755, precision: 0.0000, recall: 0.0000, f1_measure: 0.0000, loss: 1.4235 ||:  25%|##5       | 17/67 [00:46<01:51,  2.22s/it]
accuracy: 0.3728, precision: 0.0000, recall: 0.0000, f1_measure: 0.0000, loss: 1.4284 ||:  27%|##6       | 18/67 [00:47<01:41,  2.07s/it]
accuracy: 0.3717, precision: 0.0000, recall: 0.0000, f1_measure: 0.0000, loss: 1.4291 ||:  28%|##8       | 19/67 [00:51<01:59,  2.48s/it]
accuracy: 0.3710, precision: 0.0000, recall: 0.0000, f1_measure: 0.0000, loss: 1.4288 ||:  30%|##9       | 20/67 [00:52<01:40,  2.13s/it]
accuracy: 0.3724, precision: 0.0000, recall: 0.0000, f1_measure: 0.0000, loss: 1.4269 ||:  31%|###1      | 21/67 [00:53<01:20,  1.75s/it]
accuracy: 0.3743, precision: 0.0000, recall: 0.0000, f1_measure: 0.0000, loss: 1.4221 ||:  33%|###2      | 22/67 [00:55<01:23,  1.85s/it]
accuracy: 0.3736, precision: 0.0000, recall: 0.0000, f1_measure: 0.0000, loss: 1.4205 ||:  34%|###4      | 23/67 [00:57<01:25,  1.94s/it]
accuracy: 0.3747, precision: 0.0000, recall: 0.0000, f1_measure: 0.0000, loss: 1.4188 ||:  36%|###5      | 24/67 [01:01<01:50,  2.58s/it]
accuracy: 0.3725, precision: 0.0000, recall: 0.0000, f1_measure: 0.0000, loss: 1.4205 ||:  37%|###7      | 25/67 [01:07<02:30,  3.58s/it]
accuracy: 0.3711, precision: 0.0000, recall: 0.0000, f1_measure: 0.0000, loss: 1.4188 ||:  39%|###8      | 26/67 [01:10<02:19,  3.41s/it]
accuracy: 0.3697, precision: 0.0000, recall: 0.0000, f1_measure: 0.0000, loss: 1.4175 ||:  40%|####      | 27/67 [01:13<02:12,  3.30s/it]
accuracy: 0.3705, precision: 0.0000, recall: 0.0000, f1_measure: 0.0000, loss: 1.4161 ||:  42%|####1     | 28/67 [01:18<02:26,  3.76s/it]
accuracy: 0.3698, precision: 0.0000, recall: 0.0000, f1_measure: 0.0000, loss: 1.4160 ||:  43%|####3     | 29/67 [01:20<01:56,  3.06s/it]
accuracy: 0.3729, precision: 0.0000, recall: 0.0000, f1_measure: 0.0000, loss: 1.4133 ||:  45%|####4     | 30/67 [01:23<01:54,  3.09s/it]
accuracy: 0.3730, precision: 0.0000, recall: 0.0000, f1_measure: 0.0000, loss: 1.4114 ||:  46%|####6     | 31/67 [01:26<01:53,  3.15s/it]
accuracy: 0.3733, precision: 0.0000, recall: 0.0000, f1_measure: 0.0000, loss: 1.4118 ||:  48%|####7     | 32/67 [01:30<01:55,  3.31s/it]
accuracy: 0.3726, precision: 0.0000, recall: 0.0000, f1_measure: 0.0000, loss: 1.4116 ||:  49%|####9     | 33/67 [01:33<01:50,  3.24s/it]
accuracy: 0.3745, precision: 0.0000, recall: 0.0000, f1_measure: 0.0000, loss: 1.4092 ||:  51%|#####     | 34/67 [01:36<01:51,  3.37s/it]
accuracy: 0.3757, precision: 0.0000, recall: 0.0000, f1_measure: 0.0000, loss: 1.4087 ||:  52%|#####2    | 35/67 [01:40<01:45,  3.31s/it]
accuracy: 0.3743, precision: 0.0000, recall: 0.0000, f1_measure: 0.0000, loss: 1.4107 ||:  54%|#####3    | 36/67 [01:42<01:36,  3.12s/it]
accuracy: 0.3735, precision: 0.0000, recall: 0.0000, f1_measure: 0.0000, loss: 1.4117 ||:  55%|#####5    | 37/67 [01:45<01:30,  3.02s/it]
accuracy: 0.3731, precision: 0.0000, recall: 0.0000, f1_measure: 0.0000, loss: 1.4141 ||:  57%|#####6    | 38/67 [01:49<01:39,  3.43s/it]
accuracy: 0.3734, precision: 0.0000, recall: 0.0000, f1_measure: 0.0000, loss: 1.4160 ||:  58%|#####8    | 39/67 [01:55<01:50,  3.94s/it]
accuracy: 0.3730, precision: 0.0000, recall: 0.0000, f1_measure: 0.0000, loss: 1.4167 ||:  60%|#####9    | 40/67 [01:59<01:49,  4.05s/it]
accuracy: 0.3727, precision: 0.0000, recall: 0.0000, f1_measure: 0.0000, loss: 1.4166 ||:  61%|######1   | 41/67 [02:01<01:31,  3.53s/it]
accuracy: 0.3731, precision: 0.0000, recall: 0.0000, f1_measure: 0.0000, loss: 1.4162 ||:  63%|######2   | 42/67 [02:03<01:14,  2.99s/it]
accuracy: 0.3735, precision: 0.0000, recall: 0.0000, f1_measure: 0.0000, loss: 1.4166 ||:  64%|######4   | 43/67 [02:05<01:07,  2.82s/it]
accuracy: 0.3754, precision: 0.0000, recall: 0.0000, f1_measure: 0.0000, loss: 1.4147 ||:  66%|######5   | 44/67 [02:07<00:58,  2.53s/it]
accuracy: 0.3741, precision: 0.0000, recall: 0.0000, f1_measure: 0.0000, loss: 1.4170 ||:  67%|######7   | 45/67 [02:11<01:06,  3.03s/it]
accuracy: 0.3738, precision: 0.0000, recall: 0.0000, f1_measure: 0.0000, loss: 1.4177 ||:  69%|######8   | 46/67 [02:15<01:09,  3.29s/it]
accuracy: 0.3733, precision: 0.0000, recall: 0.0000, f1_measure: 0.0000, loss: 1.4185 ||:  70%|#######   | 47/67 [02:20<01:11,  3.56s/it]
accuracy: 0.3721, precision: 0.0000, recall: 0.0000, f1_measure: 0.0000, loss: 1.4201 ||:  72%|#######1  | 48/67 [02:23<01:06,  3.52s/it]
accuracy: 0.3729, precision: 0.0000, recall: 0.0000, f1_measure: 0.0000, loss: 1.4202 ||:  73%|#######3  | 49/67 [02:26<01:02,  3.46s/it]
accuracy: 0.3745, precision: 0.0000, recall: 0.0000, f1_measure: 0.0000, loss: 1.4189 ||:  75%|#######4  | 50/67 [02:28<00:49,  2.93s/it]
accuracy: 0.3741, precision: 0.0000, recall: 0.0000, f1_measure: 0.0000, loss: 1.4202 ||:  76%|#######6  | 51/67 [02:29<00:35,  2.23s/it]
accuracy: 0.3729, precision: 0.0000, recall: 0.0000, f1_measure: 0.0000, loss: 1.4211 ||:  78%|#######7  | 52/67 [02:29<00:26,  1.77s/it]
accuracy: 0.3740, precision: 0.0000, recall: 0.0000, f1_measure: 0.0000, loss: 1.4201 ||:  79%|#######9  | 53/67 [02:31<00:26,  1.86s/it]
accuracy: 0.3740, precision: 0.0000, recall: 0.0000, f1_measure: 0.0000, loss: 1.4198 ||:  81%|########  | 54/67 [02:34<00:26,  2.07s/it]
accuracy: 0.3741, precision: 0.0000, recall: 0.0000, f1_measure: 0.0000, loss: 1.4196 ||:  82%|########2 | 55/67 [02:36<00:25,  2.14s/it]
accuracy: 0.3746, precision: 0.0000, recall: 0.0000, f1_measure: 0.0000, loss: 1.4184 ||:  84%|########3 | 56/67 [02:38<00:22,  2.04s/it]
accuracy: 0.3743, precision: 0.0000, recall: 0.0000, f1_measure: 0.0000, loss: 1.4183 ||:  85%|########5 | 57/67 [02:40<00:20,  2.01s/it]
accuracy: 0.3745, precision: 0.0000, recall: 0.0000, f1_measure: 0.0000, loss: 1.4184 ||:  87%|########6 | 58/67 [02:44<00:24,  2.75s/it]
accuracy: 0.3738, precision: 0.0000, recall: 0.0000, f1_measure: 0.0000, loss: 1.4192 ||:  88%|########8 | 59/67 [02:47<00:21,  2.73s/it]
accuracy: 0.3737, precision: 0.0000, recall: 0.0000, f1_measure: 0.0000, loss: 1.4199 ||:  90%|########9 | 60/67 [02:49<00:16,  2.38s/it]
accuracy: 0.3733, precision: 0.0000, recall: 0.0000, f1_measure: 0.0000, loss: 1.4195 ||:  91%|#########1| 61/67 [02:53<00:18,  3.06s/it]
accuracy: 0.3727, precision: 0.0000, recall: 0.0000, f1_measure: 0.0000, loss: 1.4203 ||:  93%|#########2| 62/67 [02:54<00:12,  2.46s/it]
accuracy: 0.3728, precision: 0.0000, recall: 0.0000, f1_measure: 0.0000, loss: 1.4199 ||:  94%|#########4| 63/67 [02:58<00:11,  2.85s/it]
accuracy: 0.3737, precision: 0.0000, recall: 0.0000, f1_measure: 0.0000, loss: 1.4184 ||:  96%|#########5| 64/67 [03:01<00:08,  2.77s/it]
accuracy: 0.3737, precision: 0.0000, recall: 0.0000, f1_measure: 0.0000, loss: 1.4178 ||:  97%|#########7| 65/67 [03:03<00:05,  2.77s/it]
accuracy: 0.3758, precision: 0.0000, recall: 0.0000, f1_measure: 0.0000, loss: 1.4163 ||:  99%|#########8| 66/67 [03:06<00:02,  2.60s/it]
accuracy: 0.3758, precision: 0.0000, recall: 0.0000, f1_measure: 0.0000, loss: 1.4163 ||: 100%|##########| 67/67 [03:08<00:00,  2.55s/it]

  0%|          | 0/9 [00:00<?, ?it/s]
accuracy: 0.4531, precision: 0.0000, recall: 0.0000, f1_measure: 0.0000, loss: 1.3021 ||:  11%|#1        | 1/9 [00:01<00:08,  1.09s/it]
accuracy: 0.4453, precision: 0.0000, recall: 0.0000, f1_measure: 0.0000, loss: 1.2851 ||:  22%|##2       | 2/9 [00:02<00:08,  1.20s/it]
accuracy: 0.4167, precision: 0.0000, recall: 0.0000, f1_measure: 0.0000, loss: 1.3247 ||:  33%|###3      | 3/9 [00:04<00:08,  1.38s/it]
accuracy: 0.4102, precision: 0.0000, recall: 0.0000, f1_measure: 0.0000, loss: 1.3313 ||:  44%|####4     | 4/9 [00:06<00:07,  1.59s/it]
accuracy: 0.4141, precision: 0.0000, recall: 0.0000, f1_measure: 0.0000, loss: 1.3258 ||:  56%|#####5    | 5/9 [00:08<00:07,  1.85s/it]
accuracy: 0.4076, precision: 0.0000, recall: 0.0000, f1_measure: 0.0000, loss: 1.3202 ||:  67%|######6   | 6/9 [00:11<00:06,  2.12s/it]
accuracy: 0.4062, precision: 0.0000, recall: 0.0000, f1_measure: 0.0000, loss: 1.3389 ||:  78%|#######7  | 7/9 [00:14<00:04,  2.43s/it]
accuracy: 0.4062, precision: 0.0000, recall: 0.0000, f1_measure: 0.0000, loss: 1.3379 ||:  89%|########8 | 8/9 [00:18<00:02,  2.79s/it]
accuracy: 0.3969, precision: 0.0000, recall: 0.0000, f1_measure: 0.0000, loss: 1.3599 ||: 100%|##########| 9/9 [00:21<00:00,  2.86s/it]

  0%|          | 0/67 [00:00<?, ?it/s]
accuracy: 0.4297, precision: 0.0000, recall: 0.0000, f1_measure: 0.0000, loss: 1.3603 ||:   1%|1         | 1/67 [00:02<03:13,  2.94s/it]
accuracy: 0.4258, precision: 0.0000, recall: 0.0000, f1_measure: 0.0000, loss: 1.3436 ||:   3%|2         | 2/67 [00:05<03:06,  2.87s/it]
accuracy: 0.3984, precision: 0.0000, recall: 0.0000, f1_measure: 0.0000, loss: 1.3503 ||:   4%|4         | 3/67 [00:07<02:47,  2.62s/it]
accuracy: 0.3672, precision: 0.0000, recall: 0.0000, f1_measure: 0.0000, loss: 1.3902 ||:   6%|5         | 4/67 [00:11<03:16,  3.12s/it]
accuracy: 0.3766, precision: 0.0000, recall: 0.0000, f1_measure: 0.0000, loss: 1.3746 ||:   7%|7         | 5/67 [00:15<03:29,  3.38s/it]
accuracy: 0.3736, precision: 0.0000, recall: 0.0000, f1_measure: 0.0000, loss: 1.3957 ||:   9%|8         | 6/67 [00:20<03:53,  3.82s/it]
accuracy: 0.3704, precision: 0.0000, recall: 0.0000, f1_measure: 0.0000, loss: 1.3948 ||:  10%|#         | 7/67 [00:23<03:22,  3.37s/it]
accuracy: 0.3750, precision: 0.0000, recall: 0.0000, f1_measure: 0.0000, loss: 1.3982 ||:  12%|#1        | 8/67 [00:26<03:26,  3.49s/it]
accuracy: 0.3670, precision: 0.0000, recall: 0.0000, f1_measure: 0.0000, loss: 1.4030 ||:  13%|#3        | 9/67 [00:31<03:47,  3.92s/it]
accuracy: 0.3718, precision: 0.0000, recall: 0.0000, f1_measure: 0.0000, loss: 1.3981 ||:  15%|#4        | 10/67 [00:34<03:13,  3.40s/it]
accuracy: 0.3765, precision: 0.0000, recall: 0.0000, f1_measure: 0.0000, loss: 1.3927 ||:  16%|#6        | 11/67 [00:36<02:58,  3.19s/it]
accuracy: 0.3777, precision: 0.0000, recall: 0.0000, f1_measure: 0.0000, loss: 1.3966 ||:  18%|#7        | 12/67 [00:38<02:28,  2.71s/it]
accuracy: 0.3787, precision: 0.0000, recall: 0.0000, f1_measure: 0.0000, loss: 1.3910 ||:  19%|#9        | 13/67 [00:40<02:22,  2.64s/it]
accuracy: 0.3773, precision: 1.0000, recall: 0.0043, f1_measure: 0.0086, loss: 1.3983 ||:  21%|##        | 14/67 [00:45<02:48,  3.18s/it]
accuracy: 0.3819, precision: 1.0000, recall: 0.0041, f1_measure: 0.0082, loss: 1.3936 ||:  22%|##2       | 15/67 [00:50<03:19,  3.84s/it]
accuracy: 0.3839, precision: 1.0000, recall: 0.0039, f1_measure: 0.0077, loss: 1.3905 ||:  24%|##3       | 16/67 [00:53<02:54,  3.42s/it]
accuracy: 0.3853, precision: 1.0000, recall: 0.0036, f1_measure: 0.0072, loss: 1.3869 ||:  25%|##5       | 17/67 [00:57<03:02,  3.65s/it]
accuracy: 0.3834, precision: 1.0000, recall: 0.0035, f1_measure: 0.0069, loss: 1.3860 ||:  27%|##6       | 18/67 [00:58<02:22,  2.92s/it]
accuracy: 0.3812, precision: 1.0000, recall: 0.0032, f1_measure: 0.0063, loss: 1.3870 ||:  28%|##8       | 19/67 [00:59<01:48,  2.26s/it]
accuracy: 0.3825, precision: 1.0000, recall: 0.0030, f1_measure: 0.0060, loss: 1.3852 ||:  30%|##9       | 20/67 [01:02<02:04,  2.65s/it]
accuracy: 0.3844, precision: 1.0000, recall: 0.0029, f1_measure: 0.0057, loss: 1.3837 ||:  31%|###1      | 21/67 [01:05<02:09,  2.81s/it]
accuracy: 0.3858, precision: 0.5000, recall: 0.0028, f1_measure: 0.0055, loss: 1.3816 ||:  33%|###2      | 22/67 [01:07<01:49,  2.43s/it]
accuracy: 0.3839, precision: 0.5000, recall: 0.0053, f1_measure: 0.0106, loss: 1.3837 ||:  34%|###4      | 23/67 [01:10<01:54,  2.61s/it]
accuracy: 0.3836, precision: 0.6667, recall: 0.0103, f1_measure: 0.0203, loss: 1.3851 ||:  36%|###5      | 24/67 [01:12<01:40,  2.33s/it]
accuracy: 0.3857, precision: 0.7143, recall: 0.0124, f1_measure: 0.0244, loss: 1.3812 ||:  37%|###7      | 25/67 [01:13<01:31,  2.18s/it]
accuracy: 0.3859, precision: 0.5556, recall: 0.0119, f1_measure: 0.0233, loss: 1.3805 ||:  39%|###8      | 26/67 [01:16<01:37,  2.37s/it]
accuracy: 0.3884, precision: 0.4545, recall: 0.0116, f1_measure: 0.0226, loss: 1.3789 ||:  40%|####      | 27/67 [01:18<01:23,  2.09s/it]
accuracy: 0.3891, precision: 0.5385, recall: 0.0157, f1_measure: 0.0304, loss: 1.3781 ||:  42%|####1     | 28/67 [01:20<01:22,  2.12s/it]
accuracy: 0.3899, precision: 0.5385, recall: 0.0153, f1_measure: 0.0297, loss: 1.3767 ||:  43%|####3     | 29/67 [01:21<01:13,  1.92s/it]
accuracy: 0.3908, precision: 0.5385, recall: 0.0147, f1_measure: 0.0287, loss: 1.3791 ||:  45%|####4     | 30/67 [01:26<01:40,  2.72s/it]
accuracy: 0.3887, precision: 0.5385, recall: 0.0143, f1_measure: 0.0278, loss: 1.3807 ||:  46%|####6     | 31/67 [01:29<01:45,  2.94s/it]
accuracy: 0.3875, precision: 0.5385, recall: 0.0139, f1_measure: 0.0270, loss: 1.3828 ||:  48%|####7     | 32/67 [01:32<01:38,  2.83s/it]
accuracy: 0.3898, precision: 0.5385, recall: 0.0136, f1_measure: 0.0266, loss: 1.3803 ||:  49%|####9     | 33/67 [01:35<01:39,  2.93s/it]
accuracy: 0.3898, precision: 0.5385, recall: 0.0131, f1_measure: 0.0255, loss: 1.3809 ||:  51%|#####     | 34/67 [01:36<01:19,  2.41s/it]
accuracy: 0.3925, precision: 0.5385, recall: 0.0126, f1_measure: 0.0247, loss: 1.3795 ||:  52%|#####2    | 35/67 [01:41<01:39,  3.12s/it]
accuracy: 0.3929, precision: 0.5385, recall: 0.0122, f1_measure: 0.0238, loss: 1.3789 ||:  54%|#####3    | 36/67 [01:44<01:38,  3.18s/it]
accuracy: 0.3920, precision: 0.6000, recall: 0.0151, f1_measure: 0.0295, loss: 1.3792 ||:  55%|#####5    | 37/67 [01:46<01:25,  2.85s/it]
accuracy: 0.3928, precision: 0.6000, recall: 0.0148, f1_measure: 0.0288, loss: 1.3789 ||:  57%|#####6    | 38/67 [01:48<01:07,  2.32s/it]
accuracy: 0.3909, precision: 0.6000, recall: 0.0144, f1_measure: 0.0280, loss: 1.3799 ||:  58%|#####8    | 39/67 [01:51<01:12,  2.60s/it]
accuracy: 0.3921, precision: 0.6000, recall: 0.0140, f1_measure: 0.0274, loss: 1.3793 ||:  60%|#####9    | 40/67 [01:52<00:55,  2.07s/it]
accuracy: 0.3926, precision: 0.6000, recall: 0.0137, f1_measure: 0.0269, loss: 1.3763 ||:  61%|######1   | 41/67 [01:54<00:52,  2.03s/it]
accuracy: 0.3932, precision: 0.6000, recall: 0.0134, f1_measure: 0.0262, loss: 1.3761 ||:  63%|######2   | 42/67 [01:56<00:54,  2.19s/it]
accuracy: 0.3927, precision: 0.6111, recall: 0.0160, f1_measure: 0.0312, loss: 1.3769 ||:  64%|######4   | 43/67 [01:59<00:57,  2.41s/it]
accuracy: 0.3920, precision: 0.6111, recall: 0.0155, f1_measure: 0.0303, loss: 1.3773 ||:  66%|######5   | 44/67 [02:03<01:04,  2.79s/it]
accuracy: 0.3923, precision: 0.6111, recall: 0.0152, f1_measure: 0.0297, loss: 1.3767 ||:  67%|######7   | 45/67 [02:05<00:58,  2.64s/it]
accuracy: 0.3909, precision: 0.6111, recall: 0.0148, f1_measure: 0.0290, loss: 1.3784 ||:  69%|######8   | 46/67 [02:10<01:08,  3.24s/it]
accuracy: 0.3899, precision: 0.5500, recall: 0.0145, f1_measure: 0.0283, loss: 1.3784 ||:  70%|#######   | 47/67 [02:11<00:55,  2.78s/it]
accuracy: 0.3886, precision: 0.5714, recall: 0.0154, f1_measure: 0.0299, loss: 1.3797 ||:  72%|#######1  | 48/67 [02:15<00:55,  2.93s/it]
accuracy: 0.3878, precision: 0.5909, recall: 0.0163, f1_measure: 0.0317, loss: 1.3815 ||:  73%|#######3  | 49/67 [02:17<00:52,  2.90s/it]
accuracy: 0.3879, precision: 0.5714, recall: 0.0197, f1_measure: 0.0381, loss: 1.3821 ||:  75%|#######4  | 50/67 [02:21<00:50,  2.94s/it]
accuracy: 0.3865, precision: 0.5588, recall: 0.0228, f1_measure: 0.0437, loss: 1.3837 ||:  76%|#######6  | 51/67 [02:26<00:57,  3.60s/it]
accuracy: 0.3874, precision: 0.5000, recall: 0.0224, f1_measure: 0.0428, loss: 1.3829 ||:  78%|#######7  | 52/67 [02:28<00:48,  3.25s/it]
accuracy: 0.3877, precision: 0.3846, recall: 0.0232, f1_measure: 0.0438, loss: 1.3828 ||:  79%|#######9  | 53/67 [02:32<00:50,  3.59s/it]
accuracy: 0.3881, precision: 0.3898, recall: 0.0261, f1_measure: 0.0489, loss: 1.3825 ||:  81%|########  | 54/67 [02:34<00:36,  2.84s/it]
accuracy: 0.3886, precision: 0.3934, recall: 0.0266, f1_measure: 0.0499, loss: 1.3833 ||:  82%|########2 | 55/67 [02:34<00:25,  2.16s/it]
accuracy: 0.3886, precision: 0.3924, recall: 0.0337, f1_measure: 0.0621, loss: 1.3830 ||:  84%|########3 | 56/67 [02:35<00:19,  1.79s/it]
accuracy: 0.3879, precision: 0.3366, recall: 0.0363, f1_measure: 0.0656, loss: 1.3829 ||:  85%|########5 | 57/67 [02:38<00:22,  2.28s/it]
accuracy: 0.3873, precision: 0.3417, recall: 0.0433, f1_measure: 0.0769, loss: 1.3838 ||:  87%|########6 | 58/67 [02:42<00:24,  2.77s/it]
accuracy: 0.3871, precision: 0.3453, recall: 0.0498, f1_measure: 0.0871, loss: 1.3840 ||:  88%|########8 | 59/67 [02:46<00:25,  3.16s/it]
accuracy: 0.3887, precision: 0.3376, recall: 0.0544, f1_measure: 0.0936, loss: 1.3827 ||:  90%|########9 | 60/67 [02:49<00:20,  2.86s/it]
accuracy: 0.3891, precision: 0.3471, recall: 0.0597, f1_measure: 0.1018, loss: 1.3830 ||:  91%|#########1| 61/67 [02:54<00:22,  3.76s/it]
accuracy: 0.3897, precision: 0.3462, recall: 0.0629, f1_measure: 0.1064, loss: 1.3834 ||:  93%|#########2| 62/67 [02:56<00:16,  3.22s/it]
accuracy: 0.3893, precision: 0.3368, recall: 0.0631, f1_measure: 0.1062, loss: 1.3836 ||:  94%|#########4| 63/67 [03:01<00:13,  3.47s/it]
accuracy: 0.3892, precision: 0.3385, recall: 0.0626, f1_measure: 0.1056, loss: 1.3837 ||:  96%|#########5| 64/67 [03:02<00:08,  2.94s/it]
accuracy: 0.3900, precision: 0.3385, recall: 0.0612, f1_measure: 0.1037, loss: 1.3818 ||:  97%|#########7| 65/67 [03:04<00:05,  2.61s/it]
accuracy: 0.3899, precision: 0.3385, recall: 0.0605, f1_measure: 0.1026, loss: 1.3809 ||:  99%|#########8| 66/67 [03:07<00:02,  2.72s/it]
accuracy: 0.3900, precision: 0.3385, recall: 0.0595, f1_measure: 0.1012, loss: 1.3815 ||: 100%|##########| 67/67 [03:08<00:00,  2.31s/it]

  0%|          | 0/9 [00:00<?, ?it/s]
accuracy: 0.4609, precision: 0.0000, recall: 0.0000, f1_measure: 0.0000, loss: 1.2554 ||:  11%|#1        | 1/9 [00:01<00:08,  1.11s/it]
accuracy: 0.4375, precision: 0.0000, recall: 0.0000, f1_measure: 0.0000, loss: 1.2638 ||:  22%|##2       | 2/9 [00:02<00:08,  1.23s/it]
accuracy: 0.4349, precision: 0.0000, recall: 0.0000, f1_measure: 0.0000, loss: 1.2720 ||:  33%|###3      | 3/9 [00:04<00:08,  1.40s/it]
accuracy: 0.4219, precision: 0.0000, recall: 0.0000, f1_measure: 0.0000, loss: 1.3049 ||:  44%|####4     | 4/9 [00:06<00:08,  1.61s/it]
accuracy: 0.4188, precision: 0.0000, recall: 0.0000, f1_measure: 0.0000, loss: 1.2966 ||:  56%|#####5    | 5/9 [00:08<00:07,  1.84s/it]
accuracy: 0.4128, precision: 0.0000, recall: 0.0000, f1_measure: 0.0000, loss: 1.3010 ||:  67%|######6   | 6/9 [00:11<00:06,  2.11s/it]
accuracy: 0.4163, precision: 0.0000, recall: 0.0000, f1_measure: 0.0000, loss: 1.3014 ||:  78%|#######7  | 7/9 [00:14<00:04,  2.42s/it]
accuracy: 0.4082, precision: 0.0000, recall: 0.0000, f1_measure: 0.0000, loss: 1.3125 ||:  89%|########8 | 8/9 [00:18<00:02,  2.81s/it]
accuracy: 0.4069, precision: 0.0000, recall: 0.0000, f1_measure: 0.0000, loss: 1.3348 ||: 100%|##########| 9/9 [00:21<00:00,  2.86s/it]

  0%|          | 0/67 [00:00<?, ?it/s]
accuracy: 0.3828, precision: 0.0000, recall: 0.0000, f1_measure: 0.0000, loss: 1.4085 ||:   1%|1         | 1/67 [00:05<05:46,  5.25s/it]
accuracy: 0.4180, precision: 0.0000, recall: 0.0000, f1_measure: 0.0000, loss: 1.3282 ||:   3%|2         | 2/67 [00:09<05:13,  4.83s/it]
accuracy: 0.4036, precision: 0.0000, recall: 0.0000, f1_measure: 0.0000, loss: 1.3377 ||:   4%|4         | 3/67 [00:12<04:44,  4.45s/it]
accuracy: 0.4082, precision: 0.0000, recall: 0.0000, f1_measure: 0.0000, loss: 1.3359 ||:   6%|5         | 4/67 [00:15<04:15,  4.06s/it]
accuracy: 0.3875, precision: 0.5000, recall: 0.0115, f1_measure: 0.0225, loss: 1.3551 ||:   7%|7         | 5/67 [00:19<04:08,  4.02s/it]
accuracy: 0.3893, precision: 0.5000, recall: 0.0091, f1_measure: 0.0179, loss: 1.3571 ||:   9%|8         | 6/67 [00:22<03:35,  3.54s/it]
accuracy: 0.3962, precision: 0.6667, recall: 0.0163, f1_measure: 0.0317, loss: 1.3423 ||:  10%|#         | 7/67 [00:24<03:05,  3.10s/it]
accuracy: 0.4004, precision: 0.7500, recall: 0.0214, f1_measure: 0.0417, loss: 1.3449 ||:  12%|#1        | 8/67 [00:25<02:33,  2.60s/it]
accuracy: 0.4002, precision: 0.7500, recall: 0.0191, f1_measure: 0.0373, loss: 1.3402 ||:  13%|#3        | 9/67 [00:28<02:34,  2.66s/it]
accuracy: 0.4031, precision: 0.7500, recall: 0.0174, f1_measure: 0.0341, loss: 1.3404 ||:  15%|#4        | 10/67 [00:29<02:08,  2.26s/it]
accuracy: 0.3977, precision: 0.8000, recall: 0.0206, f1_measure: 0.0402, loss: 1.3519 ||:  16%|#6        | 11/67 [00:32<02:11,  2.34s/it]
accuracy: 0.3997, precision: 0.7143, recall: 0.0233, f1_measure: 0.0450, loss: 1.3490 ||:  18%|#7        | 12/67 [00:35<02:21,  2.58s/it]
accuracy: 0.4026, precision: 0.5000, recall: 0.0308, f1_measure: 0.0581, loss: 1.3510 ||:  19%|#9        | 13/67 [00:38<02:22,  2.64s/it]
accuracy: 0.4012, precision: 0.5000, recall: 0.0451, f1_measure: 0.0827, loss: 1.3476 ||:  21%|##        | 14/67 [00:40<02:20,  2.66s/it]
accuracy: 0.4000, precision: 0.5000, recall: 0.0506, f1_measure: 0.0919, loss: 1.3525 ||:  22%|##2       | 15/67 [00:43<02:24,  2.78s/it]
accuracy: 0.3984, precision: 0.4667, recall: 0.0519, f1_measure: 0.0933, loss: 1.3575 ||:  24%|##3       | 16/67 [00:47<02:29,  2.93s/it]
accuracy: 0.4017, precision: 0.4722, recall: 0.0592, f1_measure: 0.1053, loss: 1.3539 ||:  25%|##5       | 17/67 [00:48<02:08,  2.57s/it]
accuracy: 0.4028, precision: 0.4722, recall: 0.0556, f1_measure: 0.0994, loss: 1.3532 ||:  27%|##6       | 18/67 [00:49<01:40,  2.05s/it]
accuracy: 0.4017, precision: 0.4722, recall: 0.0525, f1_measure: 0.0944, loss: 1.3539 ||:  28%|##8       | 19/67 [00:54<02:12,  2.75s/it]
accuracy: 0.3977, precision: 0.4722, recall: 0.0500, f1_measure: 0.0904, loss: 1.3603 ||:  30%|##9       | 20/67 [00:57<02:17,  2.92s/it]
accuracy: 0.3996, precision: 0.4722, recall: 0.0476, f1_measure: 0.0865, loss: 1.3596 ||:  31%|###1      | 21/67 [01:00<02:21,  3.08s/it]
accuracy: 0.4009, precision: 0.4722, recall: 0.0456, f1_measure: 0.0831, loss: 1.3589 ||:  33%|###2      | 22/67 [01:03<02:06,  2.81s/it]
accuracy: 0.3971, precision: 0.4722, recall: 0.0434, f1_measure: 0.0794, loss: 1.3665 ||:  34%|###4      | 23/67 [01:07<02:23,  3.26s/it]
accuracy: 0.3975, precision: 0.4615, recall: 0.0441, f1_measure: 0.0805, loss: 1.3636 ||:  36%|###5      | 24/67 [01:09<02:05,  2.93s/it]
accuracy: 0.4019, precision: 0.5000, recall: 0.0501, f1_measure: 0.0911, loss: 1.3591 ||:  37%|###7      | 25/67 [01:11<01:50,  2.64s/it]
accuracy: 0.4020, precision: 0.5000, recall: 0.0552, f1_measure: 0.0994, loss: 1.3578 ||:  39%|###8      | 26/67 [01:12<01:30,  2.21s/it]
accuracy: 0.4005, precision: 0.4902, recall: 0.0552, f1_measure: 0.0992, loss: 1.3593 ||:  40%|####      | 27/67 [01:15<01:36,  2.42s/it]
accuracy: 0.4004, precision: 0.4815, recall: 0.0557, f1_measure: 0.0998, loss: 1.3616 ||:  42%|####1     | 28/67 [01:20<02:02,  3.13s/it]
accuracy: 0.4046, precision: 0.4754, recall: 0.0605, f1_measure: 0.1074, loss: 1.3563 ||:  43%|####3     | 29/67 [01:23<02:02,  3.22s/it]
accuracy: 0.4036, precision: 0.4658, recall: 0.0687, f1_measure: 0.1197, loss: 1.3572 ||:  45%|####4     | 30/67 [01:27<02:04,  3.36s/it]
accuracy: 0.4052, precision: 0.4699, recall: 0.0757, f1_measure: 0.1304, loss: 1.3551 ||:  46%|####6     | 31/67 [01:28<01:35,  2.64s/it]
accuracy: 0.4062, precision: 0.4719, recall: 0.0782, f1_measure: 0.1342, loss: 1.3537 ||:  48%|####7     | 32/67 [01:30<01:30,  2.58s/it]
accuracy: 0.4084, precision: 0.4737, recall: 0.0815, f1_measure: 0.1391, loss: 1.3528 ||:  49%|####9     | 33/67 [01:32<01:17,  2.27s/it]
accuracy: 0.4088, precision: 0.4757, recall: 0.0867, f1_measure: 0.1467, loss: 1.3522 ||:  51%|#####     | 34/67 [01:37<01:45,  3.19s/it]
accuracy: 0.4083, precision: 0.4907, recall: 0.0915, f1_measure: 0.1543, loss: 1.3516 ||:  52%|#####2    | 35/67 [01:41<01:45,  3.31s/it]
accuracy: 0.4108, precision: 0.5045, recall: 0.0948, f1_measure: 0.1595, loss: 1.3496 ||:  54%|#####3    | 36/67 [01:43<01:32,  2.97s/it]
accuracy: 0.4101, precision: 0.5045, recall: 0.0926, f1_measure: 0.1564, loss: 1.3502 ||:  55%|#####5    | 37/67 [01:47<01:39,  3.32s/it]
accuracy: 0.4106, precision: 0.5130, recall: 0.0952, f1_measure: 0.1605, loss: 1.3518 ||:  57%|#####6    | 38/67 [01:49<01:21,  2.82s/it]
accuracy: 0.4095, precision: 0.5130, recall: 0.0925, f1_measure: 0.1567, loss: 1.3535 ||:  58%|#####8    | 39/67 [01:50<01:00,  2.15s/it]
accuracy: 0.4107, precision: 0.5172, recall: 0.0922, f1_measure: 0.1565, loss: 1.3515 ||:  60%|#####9    | 40/67 [01:51<00:56,  2.09s/it]
accuracy: 0.4097, precision: 0.5172, recall: 0.0896, f1_measure: 0.1527, loss: 1.3523 ||:  61%|######1   | 41/67 [01:53<00:49,  1.89s/it]
accuracy: 0.4115, precision: 0.5172, recall: 0.0885, f1_measure: 0.1511, loss: 1.3507 ||:  63%|######2   | 42/67 [01:55<00:50,  2.01s/it]
accuracy: 0.4124, precision: 0.5172, recall: 0.0867, f1_measure: 0.1485, loss: 1.3501 ||:  64%|######4   | 43/67 [01:58<00:54,  2.29s/it]
accuracy: 0.4121, precision: 0.5214, recall: 0.0860, f1_measure: 0.1477, loss: 1.3509 ||:  66%|######5   | 44/67 [02:00<00:52,  2.30s/it]
accuracy: 0.4109, precision: 0.5214, recall: 0.0838, f1_measure: 0.1444, loss: 1.3509 ||:  67%|######7   | 45/67 [02:02<00:42,  1.93s/it]
accuracy: 0.4098, precision: 0.5214, recall: 0.0819, f1_measure: 0.1415, loss: 1.3524 ||:  69%|######8   | 46/67 [02:05<00:48,  2.33s/it]
accuracy: 0.4116, precision: 0.5214, recall: 0.0802, f1_measure: 0.1390, loss: 1.3512 ||:  70%|#######   | 47/67 [02:07<00:43,  2.17s/it]
accuracy: 0.4113, precision: 0.5167, recall: 0.0802, f1_measure: 0.1389, loss: 1.3520 ||:  72%|#######1  | 48/67 [02:08<00:35,  1.88s/it]
accuracy: 0.4120, precision: 0.5167, recall: 0.0787, f1_measure: 0.1366, loss: 1.3521 ||:  73%|#######3  | 49/67 [02:09<00:29,  1.63s/it]
accuracy: 0.4114, precision: 0.5167, recall: 0.0764, f1_measure: 0.1332, loss: 1.3520 ||:  75%|#######4  | 50/67 [02:10<00:22,  1.35s/it]
accuracy: 0.4113, precision: 0.5207, recall: 0.0755, f1_measure: 0.1319, loss: 1.3532 ||:  76%|#######6  | 51/67 [02:12<00:27,  1.74s/it]
accuracy: 0.4114, precision: 0.5246, recall: 0.0754, f1_measure: 0.1318, loss: 1.3545 ||:  78%|#######7  | 52/67 [02:15<00:31,  2.13s/it]
accuracy: 0.4104, precision: 0.5161, recall: 0.0745, f1_measure: 0.1302, loss: 1.3552 ||:  79%|#######9  | 53/67 [02:18<00:32,  2.33s/it]
accuracy: 0.4103, precision: 0.5161, recall: 0.0736, f1_measure: 0.1289, loss: 1.3556 ||:  81%|########  | 54/67 [02:24<00:43,  3.38s/it]
accuracy: 0.4088, precision: 0.5161, recall: 0.0721, f1_measure: 0.1265, loss: 1.3565 ||:  82%|########2 | 55/67 [02:29<00:46,  3.84s/it]
accuracy: 0.4086, precision: 0.5161, recall: 0.0710, f1_measure: 0.1248, loss: 1.3565 ||:  84%|########3 | 56/67 [02:34<00:45,  4.13s/it]
accuracy: 0.4091, precision: 0.5000, recall: 0.0710, f1_measure: 0.1244, loss: 1.3553 ||:  85%|########5 | 57/67 [02:36<00:35,  3.53s/it]
accuracy: 0.4083, precision: 0.4748, recall: 0.0706, f1_measure: 0.1229, loss: 1.3567 ||:  87%|########6 | 58/67 [02:40<00:34,  3.87s/it]
accuracy: 0.4086, precision: 0.4868, recall: 0.0774, f1_measure: 0.1336, loss: 1.3564 ||:  88%|########8 | 59/67 [02:44<00:30,  3.86s/it]
accuracy: 0.4090, precision: 0.4785, recall: 0.0808, f1_measure: 0.1383, loss: 1.3550 ||:  90%|########9 | 60/67 [02:47<00:24,  3.46s/it]
accuracy: 0.4091, precision: 0.4713, recall: 0.0839, f1_measure: 0.1425, loss: 1.3544 ||:  91%|#########1| 61/67 [02:49<00:19,  3.19s/it]
accuracy: 0.4085, precision: 0.4757, recall: 0.0881, f1_measure: 0.1486, loss: 1.3563 ||:  93%|#########2| 62/67 [02:54<00:18,  3.60s/it]
accuracy: 0.4094, precision: 0.4845, recall: 0.0919, f1_measure: 0.1545, loss: 1.3560 ||:  94%|#########4| 63/67 [02:58<00:15,  3.78s/it]
accuracy: 0.4094, precision: 0.4904, recall: 0.0978, f1_measure: 0.1631, loss: 1.3545 ||:  96%|#########5| 64/67 [03:00<00:09,  3.20s/it]
accuracy: 0.4093, precision: 0.4793, recall: 0.0980, f1_measure: 0.1628, loss: 1.3540 ||:  97%|#########7| 65/67 [03:04<00:06,  3.44s/it]
accuracy: 0.4092, precision: 0.4688, recall: 0.0973, f1_measure: 0.1612, loss: 1.3542 ||:  99%|#########8| 66/67 [03:06<00:02,  2.93s/it]
accuracy: 0.4093, precision: 0.4690, recall: 0.0971, f1_measure: 0.1608, loss: 1.3539 ||: 100%|##########| 67/67 [03:07<00:00,  2.53s/it]

  0%|          | 0/9 [00:00<?, ?it/s]
accuracy: 0.4844, precision: 0.3333, recall: 0.2353, f1_measure: 0.2759, loss: 1.2665 ||:  11%|#1        | 1/9 [00:01<00:08,  1.10s/it]
accuracy: 0.4648, precision: 0.4348, recall: 0.3030, f1_measure: 0.3571, loss: 1.2670 ||:  22%|##2       | 2/9 [00:02<00:08,  1.22s/it]
accuracy: 0.4427, precision: 0.3548, recall: 0.2200, f1_measure: 0.2716, loss: 1.2909 ||:  33%|###3      | 3/9 [00:04<00:08,  1.39s/it]
accuracy: 0.4355, precision: 0.3333, recall: 0.1846, f1_measure: 0.2376, loss: 1.3065 ||:  44%|####4     | 4/9 [00:06<00:07,  1.60s/it]
accuracy: 0.4266, precision: 0.3415, recall: 0.1772, f1_measure: 0.2333, loss: 1.3029 ||:  56%|#####5    | 5/9 [00:08<00:07,  1.84s/it]
accuracy: 0.4193, precision: 0.3333, recall: 0.1584, f1_measure: 0.2148, loss: 1.3061 ||:  67%|######6   | 6/9 [00:11<00:06,  2.12s/it]
accuracy: 0.4208, precision: 0.3019, recall: 0.1404, f1_measure: 0.1916, loss: 1.3039 ||:  78%|#######7  | 7/9 [00:14<00:04,  2.42s/it]
accuracy: 0.4160, precision: 0.3000, recall: 0.1395, f1_measure: 0.1905, loss: 1.3127 ||:  89%|########8 | 8/9 [00:18<00:02,  2.79s/it]
accuracy: 0.4133, precision: 0.2857, recall: 0.1295, f1_measure: 0.1782, loss: 1.3310 ||: 100%|##########| 9/9 [00:21<00:00,  2.85s/it]

  0%|          | 0/67 [00:00<?, ?it/s]
accuracy: 0.4609, precision: 0.6667, recall: 0.2222, f1_measure: 0.3333, loss: 1.3214 ||:   1%|1         | 1/67 [00:02<02:33,  2.33s/it]
accuracy: 0.4492, precision: 0.6667, recall: 0.1935, f1_measure: 0.3000, loss: 1.2898 ||:   3%|2         | 2/67 [00:04<02:31,  2.33s/it]
accuracy: 0.4375, precision: 0.6364, recall: 0.1591, f1_measure: 0.2545, loss: 1.3187 ||:   4%|4         | 3/67 [00:06<02:26,  2.28s/it]
accuracy: 0.4355, precision: 0.6154, recall: 0.1356, f1_measure: 0.2222, loss: 1.3339 ||:   6%|5         | 4/67 [00:11<03:06,  2.96s/it]
accuracy: 0.4500, precision: 0.5714, recall: 0.1159, f1_measure: 0.1928, loss: 1.3145 ||:   7%|7         | 5/67 [00:13<02:44,  2.66s/it]
accuracy: 0.4505, precision: 0.6111, recall: 0.1222, f1_measure: 0.2037, loss: 1.3102 ||:   9%|8         | 6/67 [00:15<02:37,  2.58s/it]
accuracy: 0.4431, precision: 0.6111, recall: 0.1000, f1_measure: 0.1719, loss: 1.3126 ||:  10%|#         | 7/67 [00:18<02:45,  2.76s/it]
accuracy: 0.4365, precision: 0.6111, recall: 0.0873, f1_measure: 0.1528, loss: 1.3158 ||:  12%|#1        | 8/67 [00:21<02:39,  2.70s/it]
accuracy: 0.4288, precision: 0.6111, recall: 0.0759, f1_measure: 0.1350, loss: 1.3218 ||:  13%|#3        | 9/67 [00:25<02:51,  2.96s/it]
accuracy: 0.4336, precision: 0.6111, recall: 0.0714, f1_measure: 0.1279, loss: 1.3177 ||:  15%|#4        | 10/67 [00:30<03:38,  3.83s/it]
accuracy: 0.4318, precision: 0.6111, recall: 0.0651, f1_measure: 0.1176, loss: 1.3173 ||:  16%|#6        | 11/67 [00:34<03:38,  3.89s/it]
accuracy: 0.4362, precision: 0.6316, recall: 0.0635, f1_measure: 0.1154, loss: 1.3093 ||:  18%|#7        | 12/67 [00:37<03:16,  3.57s/it]
accuracy: 0.4411, precision: 0.6500, recall: 0.0640, f1_measure: 0.1166, loss: 1.3025 ||:  19%|#9        | 13/67 [00:39<02:50,  3.15s/it]
accuracy: 0.4330, precision: 0.6667, recall: 0.0631, f1_measure: 0.1152, loss: 1.3131 ||:  21%|##        | 14/67 [00:44<03:02,  3.45s/it]
accuracy: 0.4313, precision: 0.6800, recall: 0.0702, f1_measure: 0.1273, loss: 1.3186 ||:  22%|##2       | 15/67 [00:47<03:03,  3.53s/it]
accuracy: 0.4307, precision: 0.6538, recall: 0.0664, f1_measure: 0.1206, loss: 1.3131 ||:  24%|##3       | 16/67 [00:49<02:35,  3.05s/it]
accuracy: 0.4297, precision: 0.6667, recall: 0.0722, f1_measure: 0.1303, loss: 1.3126 ||:  25%|##5       | 17/67 [00:50<02:02,  2.46s/it]
accuracy: 0.4266, precision: 0.6389, recall: 0.0777, f1_measure: 0.1386, loss: 1.3132 ||:  27%|##6       | 18/67 [00:54<02:21,  2.90s/it]
accuracy: 0.4313, precision: 0.6047, recall: 0.0847, f1_measure: 0.1486, loss: 1.3119 ||:  28%|##8       | 19/67 [00:56<01:56,  2.43s/it]
accuracy: 0.4293, precision: 0.6154, recall: 0.0985, f1_measure: 0.1698, loss: 1.3112 ||:  30%|##9       | 20/67 [00:57<01:45,  2.25s/it]
accuracy: 0.4289, precision: 0.6071, recall: 0.1012, f1_measure: 0.1735, loss: 1.3094 ||:  31%|###1      | 21/67 [00:59<01:40,  2.19s/it]
accuracy: 0.4290, precision: 0.4928, recall: 0.0991, f1_measure: 0.1650, loss: 1.3083 ||:  33%|###2      | 22/67 [01:02<01:42,  2.27s/it]
accuracy: 0.4287, precision: 0.4872, recall: 0.1058, f1_measure: 0.1739, loss: 1.3061 ||:  34%|###4      | 23/67 [01:05<01:46,  2.42s/it]
accuracy: 0.4255, precision: 0.4815, recall: 0.1026, f1_measure: 0.1692, loss: 1.3119 ||:  36%|###5      | 24/67 [01:08<01:50,  2.58s/it]
accuracy: 0.4266, precision: 0.4773, recall: 0.1058, f1_measure: 0.1732, loss: 1.3120 ||:  37%|###7      | 25/67 [01:11<01:59,  2.84s/it]
accuracy: 0.4261, precision: 0.4639, recall: 0.1092, f1_measure: 0.1768, loss: 1.3150 ||:  39%|###8      | 26/67 [01:17<02:29,  3.64s/it]
accuracy: 0.4282, precision: 0.4779, recall: 0.1265, f1_measure: 0.2000, loss: 1.3109 ||:  40%|####      | 27/67 [01:20<02:27,  3.69s/it]
accuracy: 0.4266, precision: 0.4711, recall: 0.1290, f1_measure: 0.2025, loss: 1.3134 ||:  42%|####1     | 28/67 [01:25<02:32,  3.91s/it]
accuracy: 0.4286, precision: 0.4961, recall: 0.1394, f1_measure: 0.2177, loss: 1.3123 ||:  43%|####3     | 29/67 [01:30<02:41,  4.24s/it]
accuracy: 0.4284, precision: 0.5075, recall: 0.1420, f1_measure: 0.2219, loss: 1.3121 ||:  45%|####4     | 30/67 [01:31<02:06,  3.41s/it]
accuracy: 0.4274, precision: 0.5074, recall: 0.1388, f1_measure: 0.2180, loss: 1.3127 ||:  46%|####6     | 31/67 [01:36<02:17,  3.83s/it]
accuracy: 0.4275, precision: 0.5036, recall: 0.1375, f1_measure: 0.2160, loss: 1.3136 ||:  48%|####7     | 32/67 [01:38<01:52,  3.20s/it]
accuracy: 0.4276, precision: 0.5036, recall: 0.1336, f1_measure: 0.2112, loss: 1.3139 ||:  49%|####9     | 33/67 [01:43<02:04,  3.65s/it]
accuracy: 0.4285, precision: 0.5036, recall: 0.1304, f1_measure: 0.2071, loss: 1.3155 ||:  51%|#####     | 34/67 [01:45<01:49,  3.33s/it]
accuracy: 0.4268, precision: 0.5036, recall: 0.1266, f1_measure: 0.2023, loss: 1.3170 ||:  52%|#####2    | 35/67 [01:49<01:50,  3.46s/it]
accuracy: 0.4282, precision: 0.5035, recall: 0.1246, f1_measure: 0.1997, loss: 1.3149 ||:  54%|#####3    | 36/67 [01:52<01:43,  3.34s/it]
accuracy: 0.4269, precision: 0.5070, recall: 0.1231, f1_measure: 0.1981, loss: 1.3153 ||:  55%|#####5    | 37/67 [01:54<01:25,  2.85s/it]
accuracy: 0.4249, precision: 0.5069, recall: 0.1219, f1_measure: 0.1965, loss: 1.3169 ||:  57%|#####6    | 38/67 [01:58<01:39,  3.44s/it]
accuracy: 0.4228, precision: 0.5000, recall: 0.1187, f1_measure: 0.1919, loss: 1.3184 ||:  58%|#####8    | 39/67 [02:02<01:38,  3.51s/it]
accuracy: 0.4226, precision: 0.4966, recall: 0.1170, f1_measure: 0.1894, loss: 1.3182 ||:  60%|#####9    | 40/67 [02:05<01:27,  3.23s/it]
accuracy: 0.4229, precision: 0.4967, recall: 0.1159, f1_measure: 0.1880, loss: 1.3188 ||:  61%|######1   | 41/67 [02:09<01:32,  3.55s/it]
accuracy: 0.4218, precision: 0.4870, recall: 0.1142, f1_measure: 0.1850, loss: 1.3186 ||:  63%|######2   | 42/67 [02:12<01:23,  3.33s/it]
accuracy: 0.4218, precision: 0.4839, recall: 0.1119, f1_measure: 0.1818, loss: 1.3189 ||:  64%|######4   | 43/67 [02:15<01:17,  3.24s/it]
accuracy: 0.4213, precision: 0.5000, recall: 0.1185, f1_measure: 0.1916, loss: 1.3184 ||:  66%|######5   | 44/67 [02:16<00:59,  2.59s/it]
accuracy: 0.4225, precision: 0.5230, recall: 0.1269, f1_measure: 0.2043, loss: 1.3175 ||:  67%|######7   | 45/67 [02:18<00:52,  2.37s/it]
accuracy: 0.4228, precision: 0.5275, recall: 0.1299, f1_measure: 0.2085, loss: 1.3181 ||:  69%|######8   | 46/67 [02:23<01:07,  3.20s/it]
accuracy: 0.4221, precision: 0.5306, recall: 0.1356, f1_measure: 0.2160, loss: 1.3176 ||:  70%|#######   | 47/67 [02:24<00:49,  2.49s/it]
accuracy: 0.4228, precision: 0.5320, recall: 0.1372, f1_measure: 0.2182, loss: 1.3155 ||:  72%|#######1  | 48/67 [02:27<00:53,  2.81s/it]
accuracy: 0.4232, precision: 0.5302, recall: 0.1418, f1_measure: 0.2237, loss: 1.3160 ||:  73%|#######3  | 49/67 [02:28<00:39,  2.18s/it]
accuracy: 0.4238, precision: 0.5217, recall: 0.1471, f1_measure: 0.2294, loss: 1.3159 ||:  75%|#######4  | 50/67 [02:29<00:30,  1.81s/it]
accuracy: 0.4227, precision: 0.5020, recall: 0.1522, f1_measure: 0.2335, loss: 1.3183 ||:  76%|#######6  | 51/67 [02:32<00:34,  2.14s/it]
accuracy: 0.4229, precision: 0.4871, recall: 0.1562, f1_measure: 0.2366, loss: 1.3187 ||:  78%|#######7  | 52/67 [02:34<00:30,  2.02s/it]
accuracy: 0.4217, precision: 0.4740, recall: 0.1595, f1_measure: 0.2387, loss: 1.3202 ||:  79%|#######9  | 53/67 [02:38<00:36,  2.63s/it]
accuracy: 0.4208, precision: 0.4714, recall: 0.1595, f1_measure: 0.2383, loss: 1.3216 ||:  81%|########  | 54/67 [02:41<00:36,  2.79s/it]
accuracy: 0.4217, precision: 0.4719, recall: 0.1605, f1_measure: 0.2395, loss: 1.3207 ||:  82%|########2 | 55/67 [02:44<00:33,  2.76s/it]
accuracy: 0.4226, precision: 0.4620, recall: 0.1613, f1_measure: 0.2391, loss: 1.3208 ||:  84%|########3 | 56/67 [02:45<00:25,  2.36s/it]
accuracy: 0.4244, precision: 0.4648, recall: 0.1645, f1_measure: 0.2430, loss: 1.3189 ||:  85%|########5 | 57/67 [02:48<00:26,  2.65s/it]
accuracy: 0.4248, precision: 0.4685, recall: 0.1661, f1_measure: 0.2453, loss: 1.3182 ||:  87%|########6 | 58/67 [02:49<00:19,  2.21s/it]
accuracy: 0.4239, precision: 0.4732, recall: 0.1663, f1_measure: 0.2461, loss: 1.3191 ||:  88%|########8 | 59/67 [02:53<00:20,  2.58s/it]
accuracy: 0.4239, precision: 0.4720, recall: 0.1644, f1_measure: 0.2439, loss: 1.3201 ||:  90%|########9 | 60/67 [02:53<00:13,  1.98s/it]
accuracy: 0.4227, precision: 0.4709, recall: 0.1633, f1_measure: 0.2425, loss: 1.3211 ||:  91%|#########1| 61/67 [02:55<00:11,  1.86s/it]
accuracy: 0.4230, precision: 0.4726, recall: 0.1632, f1_measure: 0.2426, loss: 1.3205 ||:  93%|#########2| 62/67 [02:56<00:08,  1.69s/it]
accuracy: 0.4233, precision: 0.4728, recall: 0.1618, f1_measure: 0.2411, loss: 1.3197 ||:  94%|#########4| 63/67 [02:58<00:06,  1.66s/it]
accuracy: 0.4234, precision: 0.4762, recall: 0.1630, f1_measure: 0.2429, loss: 1.3202 ||:  96%|#########5| 64/67 [03:00<00:05,  1.78s/it]
accuracy: 0.4224, precision: 0.4737, recall: 0.1616, f1_measure: 0.2410, loss: 1.3212 ||:  97%|#########7| 65/67 [03:02<00:03,  1.94s/it]
accuracy: 0.4226, precision: 0.4768, recall: 0.1626, f1_measure: 0.2426, loss: 1.3213 ||:  99%|#########8| 66/67 [03:06<00:02,  2.34s/it]
accuracy: 0.4226, precision: 0.4743, recall: 0.1603, f1_measure: 0.2396, loss: 1.3206 ||: 100%|##########| 67/67 [03:08<00:00,  2.44s/it]

  0%|          | 0/9 [00:00<?, ?it/s]
accuracy: 0.4922, precision: 0.2500, recall: 0.1538, f1_measure: 0.1905, loss: 1.2613 ||:  11%|#1        | 1/9 [00:01<00:08,  1.08s/it]
accuracy: 0.4961, precision: 0.4286, recall: 0.2812, f1_measure: 0.3396, loss: 1.2181 ||:  22%|##2       | 2/9 [00:02<00:08,  1.20s/it]
accuracy: 0.4479, precision: 0.3793, recall: 0.2200, f1_measure: 0.2785, loss: 1.2768 ||:  33%|###3      | 3/9 [00:04<00:08,  1.37s/it]
accuracy: 0.4453, precision: 0.3590, recall: 0.2121, f1_measure: 0.2667, loss: 1.2799 ||:  44%|####4     | 4/9 [00:06<00:07,  1.58s/it]
accuracy: 0.4391, precision: 0.3617, recall: 0.2099, f1_measure: 0.2656, loss: 1.2728 ||:  56%|#####5    | 5/9 [00:08<00:07,  1.82s/it]
accuracy: 0.4427, precision: 0.3704, recall: 0.1980, f1_measure: 0.2581, loss: 1.2752 ||:  67%|######6   | 6/9 [00:11<00:06,  2.10s/it]
accuracy: 0.4342, precision: 0.3594, recall: 0.2018, f1_measure: 0.2584, loss: 1.2801 ||:  78%|#######7  | 7/9 [00:14<00:04,  2.41s/it]
accuracy: 0.4297, precision: 0.3333, recall: 0.1875, f1_measure: 0.2400, loss: 1.2903 ||:  89%|########8 | 8/9 [00:18<00:02,  2.81s/it]
accuracy: 0.4223, precision: 0.3333, recall: 0.1871, f1_measure: 0.2396, loss: 1.3159 ||: 100%|##########| 9/9 [00:21<00:00,  2.86s/it]

